生成启动时间为 2019/10/17 21:04:49。
     1>项目“E:\比特科技学习1\比特科技C语言学习\Stack\Stack\Stack.vcxproj”在节点 2 上(Build 个目标)。
     1>ClCompile:
         D:\LDSGameMaster\VC\bin\CL.exe /c /ZI /nologo /W3 /WX- /sdl /Od /Oy- /D WIN32 /D _DEBUG /D _CONSOLE /D _LIB /D _UNICODE /D UNICODE /Gm /EHsc /RTC1 /MDd /GS /fp:precise /Zc:wchar_t /Zc:forScope /Fo"Debug\\" /Fd"Debug\vc120.pdb" /Gd /TC /analyze- /errorReport:prompt Stack.c test.c
         test.c
     1>e:\比特科技学习1\比特科技c语言学习\stack\stack\stack.h(11): error C2143: 语法错误 : 缺少“)”(在“*”的前面)
     1>e:\比特科技学习1\比特科技c语言学习\stack\stack\stack.h(11): error C2143: 语法错误 : 缺少“{”(在“*”的前面)
     1>e:\比特科技学习1\比特科技c语言学习\stack\stack\stack.h(11): error C2059: 语法错误:“类型”
     1>e:\比特科技学习1\比特科技c语言学习\stack\stack\stack.h(11): error C2059: 语法错误:“)”
     1>e:\比特科技学习1\比特科技c语言学习\stack\stack\stack.h(12): error C2143: 语法错误 : 缺少“)”(在“*”的前面)
     1>e:\比特科技学习1\比特科技c语言学习\stack\stack\stack.h(12): error C2143: 语法错误 : 缺少“{”(在“*”的前面)
     1>e:\比特科技学习1\比特科技c语言学习\stack\stack\stack.h(12): error C2059: 语法错误:“类型”
     1>e:\比特科技学习1\比特科技c语言学习\stack\stack\stack.h(12): error C2059: 语法错误:“)”
     1>e:\比特科技学习1\比特科技c语言学习\stack\stack\stack.h(13): error C2143: 语法错误 : 缺少“)”(在“*”的前面)
     1>e:\比特科技学习1\比特科技c语言学习\stack\stack\stack.h(13): error C2143: 语法错误 : 缺少“{”(在“*”的前面)
     1>e:\比特科技学习1\比特科技c语言学习\stack\stack\stack.h(13): error C2059: 语法错误:“)”
     1>e:\比特科技学习1\比特科技c语言学习\stack\stack\stack.h(14): error C2143: 语法错误 : 缺少“)”(在“*”的前面)
     1>e:\比特科技学习1\比特科技c语言学习\stack\stack\stack.h(14): error C2143: 语法错误 : 缺少“{”(在“*”的前面)
     1>e:\比特科技学习1\比特科技c语言学习\stack\stack\stack.h(14): error C2059: 语法错误:“)”
     1>e:\比特科技学习1\比特科技c语言学习\stack\stack\stack.h(15): error C2143: 语法错误 : 缺少“)”(在“*”的前面)
     1>e:\比特科技学习1\比特科技c语言学习\stack\stack\stack.h(15): error C2143: 语法错误 : 缺少“{”(在“*”的前面)
     1>e:\比特科技学习1\比特科技c语言学习\stack\stack\stack.h(15): error C2059: 语法错误:“)”
     1>e:\比特科技学习1\比特科技c语言学习\stack\stack\stack.h(16): error C2143: 语法错误 : 缺少“)”(在“*”的前面)
     1>e:\比特科技学习1\比特科技c语言学习\stack\stack\stack.h(16): error C2143: 语法错误 : 缺少“{”(在“*”的前面)
     1>e:\比特科技学习1\比特科技c语言学习\stack\stack\stack.h(16): error C2059: 语法错误:“)”
     1>e:\比特科技学习1\比特科技c语言学习\stack\stack\stack.h(17): error C2143: 语法错误 : 缺少“)”(在“*”的前面)
     1>e:\比特科技学习1\比特科技c语言学习\stack\stack\stack.h(17): error C2143: 语法错误 : 缺少“{”(在“*”的前面)
     1>e:\比特科技学习1\比特科技c语言学习\stack\stack\stack.h(17): error C2059: 语法错误:“)”
     1>e:\比特科技学习1\比特科技c语言学习\stack\stack\test.c(7): warning C4013: “StackInit”未定义；假设外部返回 int
     1>e:\比特科技学习1\比特科技c语言学习\stack\stack\test.c(8): warning C4013: “SeqStackPush”未定义；假设外部返回 int
     1>e:\比特科技学习1\比特科技c语言学习\stack\stack\test.c(16): warning C4013: “SeqStackTop”未定义；假设外部返回 int
     1>e:\比特科技学习1\比特科技c语言学习\stack\stack\test.c(17): warning C4013: “SeqStackPop”未定义；假设外部返回 int
     1>e:\比特科技学习1\比特科技c语言学习\stack\stack\test.c(19): warning C4013: “SeqStackShow”未定义；假设外部返回 int
         Stack.c
     1>e:\比特科技学习1\比特科技c语言学习\stack\stack\stack.h(11): error C2143: 语法错误 : 缺少“)”(在“*”的前面)
     1>e:\比特科技学习1\比特科技c语言学习\stack\stack\stack.h(11): error C2143: 语法错误 : 缺少“{”(在“*”的前面)
     1>e:\比特科技学习1\比特科技c语言学习\stack\stack\stack.h(11): error C2059: 语法错误:“类型”
     1>e:\比特科技学习1\比特科技c语言学习\stack\stack\stack.h(11): error C2059: 语法错误:“)”
     1>e:\比特科技学习1\比特科技c语言学习\stack\stack\stack.h(12): error C2143: 语法错误 : 缺少“)”(在“*”的前面)
     1>e:\比特科技学习1\比特科技c语言学习\stack\stack\stack.h(12): error C2143: 语法错误 : 缺少“{”(在“*”的前面)
     1>e:\比特科技学习1\比特科技c语言学习\stack\stack\stack.h(12): error C2059: 语法错误:“类型”
     1>e:\比特科技学习1\比特科技c语言学习\stack\stack\stack.h(12): error C2059: 语法错误:“)”
     1>e:\比特科技学习1\比特科技c语言学习\stack\stack\stack.h(13): error C2143: 语法错误 : 缺少“)”(在“*”的前面)
     1>e:\比特科技学习1\比特科技c语言学习\stack\stack\stack.h(13): error C2143: 语法错误 : 缺少“{”(在“*”的前面)
     1>e:\比特科技学习1\比特科技c语言学习\stack\stack\stack.h(13): error C2059: 语法错误:“)”
     1>e:\比特科技学习1\比特科技c语言学习\stack\stack\stack.h(14): error C2143: 语法错误 : 缺少“)”(在“*”的前面)
     1>e:\比特科技学习1\比特科技c语言学习\stack\stack\stack.h(14): error C2143: 语法错误 : 缺少“{”(在“*”的前面)
     1>e:\比特科技学习1\比特科技c语言学习\stack\stack\stack.h(14): error C2059: 语法错误:“)”
     1>e:\比特科技学习1\比特科技c语言学习\stack\stack\stack.h(15): error C2143: 语法错误 : 缺少“)”(在“*”的前面)
     1>e:\比特科技学习1\比特科技c语言学习\stack\stack\stack.h(15): error C2143: 语法错误 : 缺少“{”(在“*”的前面)
     1>e:\比特科技学习1\比特科技c语言学习\stack\stack\stack.h(15): error C2059: 语法错误:“)”
     1>e:\比特科技学习1\比特科技c语言学习\stack\stack\stack.h(16): error C2143: 语法错误 : 缺少“)”(在“*”的前面)
     1>e:\比特科技学习1\比特科技c语言学习\stack\stack\stack.h(16): error C2143: 语法错误 : 缺少“{”(在“*”的前面)
     1>e:\比特科技学习1\比特科技c语言学习\stack\stack\stack.h(16): error C2059: 语法错误:“)”
     1>e:\比特科技学习1\比特科技c语言学习\stack\stack\stack.h(17): error C2143: 语法错误 : 缺少“)”(在“*”的前面)
     1>e:\比特科技学习1\比特科技c语言学习\stack\stack\stack.h(17): error C2143: 语法错误 : 缺少“{”(在“*”的前面)
     1>e:\比特科技学习1\比特科技c语言学习\stack\stack\stack.h(17): error C2059: 语法错误:“)”
     1>e:\比特科技学习1\比特科技c语言学习\stack\stack\stack.c(37): warning C4033: “SeqStackTop”必须返回值
         正在生成代码...
     1>已完成生成项目“E:\比特科技学习1\比特科技C语言学习\Stack\Stack\Stack.vcxproj”(Build 个目标)的操作 - 失败。

生成失败。

已用时间 00:00:00.36
